<?xml version="1.0" encoding="UTF-8"?>
<!-- Generated by org.testng.reporters.JUnitXMLReporter -->
<testsuite ignored="0" hostname="Legion-5" failures="0" tests="4" name="Test" time="10.841" errors="0" timestamp="05 Jun 2022 07:10:40 GMT">
  <testcase classname="qaautomation.may2022.APITestAfterRefactor" name="configAPI" time="1.048"/>
  <testcase classname="qaautomation.may2022.APITestAfterRefactor" name="dashboardAPI" time="1.383"/>
  <testcase classname="qaautomation.may2022.APITestAfterRefactor" name="fakerTest" time="0.143"/>
  <testcase classname="qaautomation.may2022.APITestAfterRefactor" name="userAPI" time="1.231"/>
</testsuite> <!-- Test -->
