<?xml version="1.0" encoding="UTF-8"?>
<!-- Generated by org.testng.reporters.JUnitXMLReporter -->
<testsuite ignored="0" hostname="Legion-5" failures="0" tests="4" name="Test" time="10.308" errors="0" timestamp="29 May 2022 08:00:45 GMT">
  <testcase classname="qaautomation.may2022.APITestAfterRefactor" name="configAPI" time="0.974"/>
  <testcase classname="qaautomation.may2022.APITestAfterRefactor" name="dashboardAPI" time="1.196"/>
  <testcase classname="qaautomation.may2022.APITestAfterRefactor" name="fakerTest" time="0.172"/>
  <testcase classname="qaautomation.may2022.APITestAfterRefactor" name="userAPI" time="1.081"/>
</testsuite> <!-- Test -->
