<?xml version="1.0" encoding="UTF-8"?>
<testng-results ignored="0" total="4" passed="4" failed="0" skipped="0">
  <reporter-output>
  </reporter-output>
  <suite started-at="2022-06-05T07:10:29Z" name="Suite" finished-at="2022-06-05T07:10:40Z" duration-ms="10841">
    <groups>
    </groups>
    <test started-at="2022-06-05T07:10:29Z" name="Test" finished-at="2022-06-05T07:10:40Z" duration-ms="10841">
      <class name="qaautomation.may2022.APITestAfterRefactor">
        <test-method is-config="true" signature="login()[pri:0, instance:qaautomation.may2022.APITestAfterRefactor@6e6fce47]" started-at="2022-06-05T07:10:29Z" name="login" finished-at="2022-06-05T07:10:33Z" duration-ms="3164" status="PASS">
          <reporter-output>
          </reporter-output>
        </test-method> <!-- login -->
        <test-method signature="configAPI()[pri:0, instance:qaautomation.may2022.APITestAfterRefactor@6e6fce47]" started-at="2022-06-05T07:10:33Z" name="configAPI" finished-at="2022-06-05T07:10:34Z" duration-ms="1048" status="PASS">
          <reporter-output>
          </reporter-output>
        </test-method> <!-- configAPI -->
        <test-method is-config="true" signature="login()[pri:0, instance:qaautomation.may2022.APITestAfterRefactor@6e6fce47]" started-at="2022-06-05T07:10:34Z" name="login" finished-at="2022-06-05T07:10:35Z" duration-ms="1246" status="PASS">
          <reporter-output>
          </reporter-output>
        </test-method> <!-- login -->
        <test-method signature="dashboardAPI()[pri:0, instance:qaautomation.may2022.APITestAfterRefactor@6e6fce47]" started-at="2022-06-05T07:10:35Z" name="dashboardAPI" finished-at="2022-06-05T07:10:36Z" duration-ms="1383" status="PASS">
          <reporter-output>
          </reporter-output>
        </test-method> <!-- dashboardAPI -->
        <test-method is-config="true" signature="login()[pri:0, instance:qaautomation.may2022.APITestAfterRefactor@6e6fce47]" started-at="2022-06-05T07:10:36Z" name="login" finished-at="2022-06-05T07:10:38Z" duration-ms="1240" status="PASS">
          <reporter-output>
          </reporter-output>
        </test-method> <!-- login -->
        <test-method signature="fakerTest()[pri:0, instance:qaautomation.may2022.APITestAfterRefactor@6e6fce47]" started-at="2022-06-05T07:10:38Z" name="fakerTest" finished-at="2022-06-05T07:10:38Z" duration-ms="143" status="PASS">
          <reporter-output>
          </reporter-output>
        </test-method> <!-- fakerTest -->
        <test-method is-config="true" signature="login()[pri:0, instance:qaautomation.may2022.APITestAfterRefactor@6e6fce47]" started-at="2022-06-05T07:10:38Z" name="login" finished-at="2022-06-05T07:10:39Z" duration-ms="1244" status="PASS">
          <reporter-output>
          </reporter-output>
        </test-method> <!-- login -->
        <test-method signature="userAPI()[pri:0, instance:qaautomation.may2022.APITestAfterRefactor@6e6fce47]" started-at="2022-06-05T07:10:39Z" name="userAPI" finished-at="2022-06-05T07:10:40Z" duration-ms="1231" status="PASS">
          <reporter-output>
          </reporter-output>
        </test-method> <!-- userAPI -->
      </class> <!-- qaautomation.may2022.APITestAfterRefactor -->
    </test> <!-- Test -->
  </suite> <!-- Suite -->
</testng-results>
