<?xml version="1.0" encoding="UTF-8"?>
<testng-results ignored="0" total="4" passed="4" failed="0" skipped="0">
  <reporter-output>
  </reporter-output>
  <suite started-at="2022-05-29T08:00:34Z" name="Suite" finished-at="2022-05-29T08:00:45Z" duration-ms="10308">
    <groups>
    </groups>
    <test started-at="2022-05-29T08:00:34Z" name="Test" finished-at="2022-05-29T08:00:45Z" duration-ms="10308">
      <class name="qaautomation.may2022.APITestAfterRefactor">
        <test-method is-config="true" signature="login()[pri:0, instance:qaautomation.may2022.APITestAfterRefactor@a567e72]" started-at="2022-05-29T08:00:34Z" name="login" finished-at="2022-05-29T08:00:38Z" duration-ms="3245" status="PASS">
          <reporter-output>
          </reporter-output>
        </test-method> <!-- login -->
        <test-method signature="configAPI()[pri:0, instance:qaautomation.may2022.APITestAfterRefactor@a567e72]" started-at="2022-05-29T08:00:38Z" name="configAPI" finished-at="2022-05-29T08:00:39Z" duration-ms="974" status="PASS">
          <reporter-output>
          </reporter-output>
        </test-method> <!-- configAPI -->
        <test-method is-config="true" signature="login()[pri:0, instance:qaautomation.may2022.APITestAfterRefactor@a567e72]" started-at="2022-05-29T08:00:39Z" name="login" finished-at="2022-05-29T08:00:40Z" duration-ms="1185" status="PASS">
          <reporter-output>
          </reporter-output>
        </test-method> <!-- login -->
        <test-method signature="dashboardAPI()[pri:0, instance:qaautomation.may2022.APITestAfterRefactor@a567e72]" started-at="2022-05-29T08:00:40Z" name="dashboardAPI" finished-at="2022-05-29T08:00:41Z" duration-ms="1196" status="PASS">
          <reporter-output>
          </reporter-output>
        </test-method> <!-- dashboardAPI -->
        <test-method is-config="true" signature="login()[pri:0, instance:qaautomation.may2022.APITestAfterRefactor@a567e72]" started-at="2022-05-29T08:00:41Z" name="login" finished-at="2022-05-29T08:00:42Z" duration-ms="1147" status="PASS">
          <reporter-output>
          </reporter-output>
        </test-method> <!-- login -->
        <test-method signature="fakerTest()[pri:0, instance:qaautomation.may2022.APITestAfterRefactor@a567e72]" started-at="2022-05-29T08:00:42Z" name="fakerTest" finished-at="2022-05-29T08:00:42Z" duration-ms="172" status="PASS">
          <reporter-output>
          </reporter-output>
        </test-method> <!-- fakerTest -->
        <test-method is-config="true" signature="login()[pri:0, instance:qaautomation.may2022.APITestAfterRefactor@a567e72]" started-at="2022-05-29T08:00:42Z" name="login" finished-at="2022-05-29T08:00:44Z" duration-ms="1158" status="PASS">
          <reporter-output>
          </reporter-output>
        </test-method> <!-- login -->
        <test-method signature="userAPI()[pri:0, instance:qaautomation.may2022.APITestAfterRefactor@a567e72]" started-at="2022-05-29T08:00:44Z" name="userAPI" finished-at="2022-05-29T08:00:45Z" duration-ms="1081" status="PASS">
          <reporter-output>
          </reporter-output>
        </test-method> <!-- userAPI -->
      </class> <!-- qaautomation.may2022.APITestAfterRefactor -->
    </test> <!-- Test -->
  </suite> <!-- Suite -->
</testng-results>
