<?xml version="1.0" encoding="UTF-8"?>
<testsuite xmlns:xsi="http://www.w3.org/2001/XMLSchema-instance" xsi:schemaLocation="https://maven.apache.org/surefire/maven-surefire-plugin/xsd/surefire-test-report.xsd" name="TestSuite" time="12.352" tests="4" errors="0" skipped="0" failures="0">
  <properties>
[...]
</properties>
  <testcase name="configAPI" classname="qaautomation.may2022.APITestAfterRefactor" time="0.933"/>
  <testcase name="dashboardAPI" classname="qaautomation.may2022.APITestAfterRefactor" time="1.196"/>
  <testcase name="fakerTest" classname="qaautomation.may2022.APITestAfterRefactor" time="0.173"/>
  <testcase name="userAPI" classname="qaautomation.may2022.APITestAfterRefactor" time="1.081"/>
</testsuite>